2024-01-22T06:24:00.058Z [[31merror[39m] - docClient.scan is not a function
2024-01-22T06:26:31.813Z [[31merror[39m] - ScanCommand is not defined
2024-01-27T04:09:26.863Z [[31merror[39m] - One or more parameter values were invalid: Missing the key UserId in the item
2024-01-27T04:11:58.616Z [[31merror[39m] - One or more parameter values were invalid: Missing the key ApplicationId in the item
2024-01-30T19:47:25.133Z [[31merror[39m] - DeleteCommand is not defined
2024-01-30T19:48:19.533Z [[31merror[39m] - The provided key element does not match the schema
2024-01-30T19:50:11.673Z [[31merror[39m] - The provided key element does not match the schema
2024-01-30T20:12:08.392Z [[31merror[39m] - BatchWriteCommand is not defined
2024-02-03T23:56:17.125Z [[31merror[39m] - UpdateItemCommand is not a constructor
2024-02-03T23:59:46.898Z [[31merror[39m] - UpdateItemCommand is not a constructor
2024-02-04T00:03:39.724Z [[31merror[39m] - UpdateItemCommand is not a constructor
2024-02-04T00:08:04.778Z [[31merror[39m] - UpdateItemCommand is not a constructor
2024-02-04T00:13:57.287Z [[31merror[39m] - UpdateItemCommand is not a constructor
2024-02-04T00:14:15.092Z [[31merror[39m] - UpdateItemCommand is not a constructor
2024-02-04T00:18:13.546Z [[31merror[39m] - UpdateItemCommand is not a constructor
2024-02-04T00:20:19.223Z [[31merror[39m] - The provided key element does not match the schema
2024-02-06T23:16:35.455Z [[31merror[39m] - input.replace is not a function
2024-02-06T23:16:37.560Z [[31merror[39m] - input.replace is not a function
2024-02-06T23:27:09.772Z [[31merror[39m] - Invalid input detected
2024-02-06T23:28:46.089Z [[31merror[39m] - Invalid input detected
2024-02-06T23:49:23.374Z [[31merror[39m] - Invalid input detected
2024-02-06T23:49:52.022Z [[31merror[39m] - Invalid input detected
2024-02-06T23:59:30.354Z [[31merror[39m] - Invalid input detected
2024-02-07T00:00:04.389Z [[31merror[39m] - Invalid input detected
2024-02-07T00:00:10.635Z [[31merror[39m] - Invalid input detected
2024-02-07T00:01:16.533Z [[31merror[39m] - Invalid input detected
2024-02-07T00:01:54.151Z [[31merror[39m] - Invalid input detected
2024-02-07T00:02:09.202Z [[31merror[39m] - Invalid input detected
2024-02-07T00:02:20.351Z [[31merror[39m] - Invalid input detected
2024-02-07T00:02:48.536Z [[31merror[39m] - Invalid input detected
2024-02-07T00:03:02.969Z [[31merror[39m] - Invalid input detected
2024-02-07T00:03:07.698Z [[31merror[39m] - Invalid input detected
2024-02-07T00:03:12.064Z [[31merror[39m] - Invalid input detected
